[       0ms] undefined
[  -93133ms] [WARNING] undefined @ https://app-companion-430619.appspot.com/assets/PostMessageClient-L3QPzbvB.js:0
[       2ms] undefined
[  -93133ms] [WARNING] undefined @ https://app-companion-430619.appspot.com/assets/PostMessageClient-L3QPzbvB.js:0
[       2ms] undefined
[  -93133ms] [WARNING] undefined @ https://app-companion-430619.appspot.com/assets/PostMessageClient-L3QPzbvB.js:0
[       2ms] undefined
[  -93133ms] [WARNING] undefined @ https://app-companion-430619.appspot.com/assets/PostMessageClient-L3QPzbvB.js:0
[       2ms] undefined
[  -93133ms] [WARNING] undefined @ https://app-companion-430619.appspot.com/assets/PostMessageClient-L3QPzbvB.js:0
[       2ms] undefined
[  -93133ms] [WARNING] undefined @ https://app-companion-430619.appspot.com/assets/PostMessageClient-L3QPzbvB.js:0
[       2ms] undefined
[  -93133ms] [WARNING] undefined @ https://app-companion-430619.appspot.com/assets/PostMessageClient-L3QPzbvB.js:0
[       2ms] undefined
[  -93133ms] [WARNING] undefined @ https://app-companion-430619.appspot.com/assets/PostMessageClient-L3QPzbvB.js:0
[       2ms] undefined
[  -93133ms] [WARNING] undefined @ https://app-companion-430619.appspot.com/assets/PostMessageClient-L3QPzbvB.js:0
[       2ms] undefined
[  -93133ms] [WARNING] undefined @ https://app-companion-430619.appspot.com/assets/PostMessageClient-L3QPzbvB.js:0
[       2ms] undefined
[  -93133ms] [WARNING] undefined @ https://app-companion-430619.appspot.com/assets/PostMessageClient-L3QPzbvB.js:0
[       2ms] undefined
[  -93133ms] [WARNING] undefined @ https://app-companion-430619.appspot.com/assets/PostMessageClient-L3QPzbvB.js:0
[       2ms] undefined
[  -93133ms] [WARNING] undefined @ https://app-companion-430619.appspot.com/assets/PostMessageClient-L3QPzbvB.js:0
[       2ms] undefined
[  -93132ms] [WARNING] undefined @ https://app-companion-430619.appspot.com/assets/PostMessageClient-L3QPzbvB.js:0
[       2ms] undefined
[  -93132ms] [WARNING] undefined @ https://app-companion-430619.appspot.com/assets/PostMessageClient-L3QPzbvB.js:0
[       2ms] undefined
[  -93132ms] [WARNING] undefined @ https://app-companion-430619.appspot.com/assets/PostMessageClient-L3QPzbvB.js:0
[       2ms] undefined
[  -93132ms] [WARNING] undefined @ https://app-companion-430619.appspot.com/assets/PostMessageClient-L3QPzbvB.js:0
[       2ms] undefined
[  -93132ms] [WARNING] undefined @ https://app-companion-430619.appspot.com/assets/PostMessageClient-L3QPzbvB.js:0
[       3ms] undefined
[  -93132ms] [WARNING] undefined @ https://app-companion-430619.appspot.com/assets/PostMessageClient-L3QPzbvB.js:0
[       3ms] undefined
[  -93132ms] [WARNING] undefined @ https://app-companion-430619.appspot.com/assets/PostMessageClient-L3QPzbvB.js:0
[       3ms] undefined
[  -93132ms] [WARNING] undefined @ https://app-companion-430619.appspot.com/assets/PostMessageClient-L3QPzbvB.js:0
[       3ms] undefined
[  -93132ms] [WARNING] undefined @ https://app-companion-430619.appspot.com/assets/PostMessageClient-L3QPzbvB.js:0
[       3ms] undefined
[  -93132ms] [WARNING] undefined @ https://app-companion-430619.appspot.com/assets/PostMessageClient-L3QPzbvB.js:0
[       3ms] undefined
[  -93132ms] [WARNING] undefined @ https://app-companion-430619.appspot.com/assets/PostMessageClient-L3QPzbvB.js:0
[       3ms] undefined
[  -93132ms] [WARNING] undefined @ https://app-companion-430619.appspot.com/assets/PostMessageClient-L3QPzbvB.js:0
[       3ms] undefined
[  -93132ms] [WARNING] undefined @ https://app-companion-430619.appspot.com/assets/PostMessageClient-L3QPzbvB.js:0
[       3ms] undefined
[  -93132ms] [WARNING] undefined @ https://app-companion-430619.appspot.com/assets/PostMessageClient-L3QPzbvB.js:0
[       3ms] undefined
[  -93132ms] [WARNING] undefined @ https://app-companion-430619.appspot.com/assets/PostMessageClient-L3QPzbvB.js:0
[       5ms] undefined
[  -93132ms] [WARNING] undefined @ https://app-companion-430619.appspot.com/assets/PostMessageClient-L3QPzbvB.js:0
[       5ms] undefined
[  -93132ms] [WARNING] undefined @ https://app-companion-430619.appspot.com/assets/PostMessageClient-L3QPzbvB.js:0
[       5ms] undefined
[  -93131ms] [WARNING] undefined @ https://app-companion-430619.appspot.com/assets/PostMessageClient-L3QPzbvB.js:0
[       5ms] undefined
[  -93131ms] [WARNING] undefined @ https://app-companion-430619.appspot.com/assets/PostMessageClient-L3QPzbvB.js:0
[       5ms] undefined
[  -93131ms] [WARNING] undefined @ https://app-companion-430619.appspot.com/assets/PostMessageClient-L3QPzbvB.js:0
[       5ms] undefined
[  -93131ms] [WARNING] undefined @ https://app-companion-430619.appspot.com/assets/PostMessageClient-L3QPzbvB.js:0
[       6ms] undefined
[  -93131ms] [WARNING] undefined @ https://app-companion-430619.appspot.com/assets/PostMessageClient-L3QPzbvB.js:0
[       6ms] undefined
[  -93131ms] [WARNING] undefined @ https://app-companion-430619.appspot.com/assets/PostMessageClient-L3QPzbvB.js:0
[       6ms] undefined
[  -93131ms] [WARNING] undefined @ https://app-companion-430619.appspot.com/assets/PostMessageClient-L3QPzbvB.js:0
[       6ms] undefined
[  -93131ms] [WARNING] undefined @ https://app-companion-430619.appspot.com/assets/PostMessageClient-L3QPzbvB.js:0
[       8ms] undefined
[  -93131ms] [WARNING] undefined @ https://app-companion-430619.appspot.com/assets/PostMessageClient-L3QPzbvB.js:0
[       9ms] undefined
[  -93131ms] [WARNING] undefined @ https://app-companion-430619.appspot.com/assets/PostMessageClient-L3QPzbvB.js:0
[       9ms] undefined
[  -93131ms] [WARNING] undefined @ https://app-companion-430619.appspot.com/assets/PostMessageClient-L3QPzbvB.js:0
[       9ms] undefined
[  -93131ms] [WARNING] undefined @ https://app-companion-430619.appspot.com/assets/PostMessageClient-L3QPzbvB.js:0
[       9ms] undefined
[  -93131ms] [WARNING] undefined @ https://app-companion-430619.appspot.com/assets/PostMessageClient-L3QPzbvB.js:0
[       9ms] undefined
[  -93131ms] [WARNING] undefined @ https://app-companion-430619.appspot.com/assets/PostMessageClient-L3QPzbvB.js:0
[       9ms] undefined
[  -93131ms] [WARNING] undefined @ https://app-companion-430619.appspot.com/assets/PostMessageClient-L3QPzbvB.js:0
[       9ms] undefined
[  -93131ms] [WARNING] undefined @ https://app-companion-430619.appspot.com/assets/PostMessageClient-L3QPzbvB.js:0
[       9ms] undefined
[  -93131ms] [WARNING] undefined @ https://app-companion-430619.appspot.com/assets/PostMessageClient-L3QPzbvB.js:0
[       9ms] undefined
[  -93131ms] [WARNING] undefined @ https://app-companion-430619.appspot.com/assets/PostMessageClient-L3QPzbvB.js:0
[       9ms] undefined
[  -93130ms] [WARNING] undefined @ https://app-companion-430619.appspot.com/assets/PostMessageClient-L3QPzbvB.js:0
[       9ms] undefined
[  -93130ms] [WARNING] undefined @ https://app-companion-430619.appspot.com/assets/PostMessageClient-L3QPzbvB.js:0
[       9ms] undefined
[  -93130ms] [WARNING] undefined @ https://app-companion-430619.appspot.com/assets/PostMessageClient-L3QPzbvB.js:0
[      10ms] undefined
[  -93130ms] [WARNING] undefined @ https://app-companion-430619.appspot.com/assets/PostMessageClient-L3QPzbvB.js:0
[      10ms] undefined
[  -93130ms] [WARNING] undefined @ https://app-companion-430619.appspot.com/assets/PostMessageClient-L3QPzbvB.js:0
[      10ms] undefined
[  -93130ms] [WARNING] undefined @ https://app-companion-430619.appspot.com/assets/PostMessageClient-L3QPzbvB.js:0
[      10ms] undefined
[  -93130ms] [WARNING] undefined @ https://app-companion-430619.appspot.com/assets/PostMessageClient-L3QPzbvB.js:0
[      10ms] undefined
[  -93130ms] [WARNING] undefined @ https://app-companion-430619.appspot.com/assets/PostMessageClient-L3QPzbvB.js:0
[      10ms] undefined
[  -93130ms] [WARNING] undefined @ https://app-companion-430619.appspot.com/assets/PostMessageClient-L3QPzbvB.js:0
[      10ms] undefined
[  -93130ms] [WARNING] undefined @ https://app-companion-430619.appspot.com/assets/PostMessageClient-L3QPzbvB.js:0
[      10ms] undefined
[  -93130ms] [WARNING] undefined @ https://app-companion-430619.appspot.com/assets/PostMessageClient-L3QPzbvB.js:0
[      10ms] undefined
[  -93130ms] [WARNING] undefined @ https://app-companion-430619.appspot.com/assets/PostMessageClient-L3QPzbvB.js:0
[      10ms] undefined
[  -93130ms] [WARNING] undefined @ https://app-companion-430619.appspot.com/assets/PostMessageClient-L3QPzbvB.js:0
[      10ms] undefined
[  -93130ms] [WARNING] undefined @ https://app-companion-430619.appspot.com/assets/PostMessageClient-L3QPzbvB.js:0
[      10ms] undefined
[  -93130ms] [WARNING] undefined @ https://app-companion-430619.appspot.com/assets/PostMessageClient-L3QPzbvB.js:0
[      10ms] undefined
[  -93130ms] [WARNING] undefined @ https://app-companion-430619.appspot.com/assets/PostMessageClient-L3QPzbvB.js:0
[      11ms] undefined
[  -93130ms] [WARNING] undefined @ https://app-companion-430619.appspot.com/assets/PostMessageClient-L3QPzbvB.js:0
[      11ms] undefined
[  -93130ms] [WARNING] undefined @ https://app-companion-430619.appspot.com/assets/PostMessageClient-L3QPzbvB.js:0
[      29ms] undefined
[  -93129ms] [WARNING] undefined @ https://app-companion-430619.appspot.com/assets/PostMessageClient-L3QPzbvB.js:0
[      29ms] undefined
[  -93129ms] [WARNING] undefined @ https://app-companion-430619.appspot.com/assets/PostMessageClient-L3QPzbvB.js:0
[      46ms] undefined
[  -93129ms] [WARNING] undefined @ https://app-companion-430619.appspot.com/assets/PostMessageClient-L3QPzbvB.js:0
[     143ms] undefined
[  -93129ms] [WARNING] undefined @ https://app-companion-430619.appspot.com/assets/PostMessageClient-L3QPzbvB.js:0
[     143ms] undefined
[  -93129ms] [WARNING] undefined @ https://app-companion-430619.appspot.com/assets/PostMessageClient-L3QPzbvB.js:0
[     144ms] undefined
[  -93129ms] [WARNING] undefined @ https://app-companion-430619.appspot.com/assets/PostMessageClient-L3QPzbvB.js:0
[     145ms] undefined
[  -93129ms] [WARNING] undefined @ https://app-companion-430619.appspot.com/assets/PostMessageClient-L3QPzbvB.js:0
[     145ms] undefined
[  -93129ms] [WARNING] undefined @ https://app-companion-430619.appspot.com/assets/PostMessageClient-L3QPzbvB.js:0
[     154ms] undefined
[  -93129ms] [WARNING] undefined @ https://app-companion-430619.appspot.com/assets/PostMessageClient-L3QPzbvB.js:0
[     155ms] undefined
[  -93129ms] [WARNING] undefined @ https://app-companion-430619.appspot.com/assets/PostMessageClient-L3QPzbvB.js:0
[     155ms] undefined
[  -93129ms] [WARNING] undefined @ https://app-companion-430619.appspot.com/assets/PostMessageClient-L3QPzbvB.js:0
[     155ms] undefined
[  -93129ms] [WARNING] undefined @ https://app-companion-430619.appspot.com/assets/PostMessageClient-L3QPzbvB.js:0
[     155ms] undefined
[  -93129ms] [WARNING] undefined @ https://app-companion-430619.appspot.com/assets/PostMessageClient-L3QPzbvB.js:0
[     155ms] undefined
[  -93129ms] [WARNING] undefined @ https://app-companion-430619.appspot.com/assets/PostMessageClient-L3QPzbvB.js:0
[     155ms] undefined
[  -93129ms] [WARNING] undefined @ https://app-companion-430619.appspot.com/assets/PostMessageClient-L3QPzbvB.js:0
[     155ms] undefined
[  -93128ms] [WARNING] undefined @ https://app-companion-430619.appspot.com/assets/PostMessageClient-L3QPzbvB.js:0
[     155ms] undefined
[  -93128ms] [WARNING] undefined @ https://app-companion-430619.appspot.com/assets/PostMessageClient-L3QPzbvB.js:0
[     155ms] undefined
[  -93128ms] [WARNING] undefined @ https://app-companion-430619.appspot.com/assets/PostMessageClient-L3QPzbvB.js:0
[     155ms] undefined
[  -93128ms] [WARNING] undefined @ https://app-companion-430619.appspot.com/assets/PostMessageClient-L3QPzbvB.js:0
[     155ms] undefined
[  -93128ms] [WARNING] undefined @ https://app-companion-430619.appspot.com/assets/PostMessageClient-L3QPzbvB.js:0
[     155ms] undefined
[  -93128ms] [WARNING] undefined @ https://app-companion-430619.appspot.com/assets/PostMessageClient-L3QPzbvB.js:0
[     155ms] undefined
[  -93128ms] [WARNING] undefined @ https://app-companion-430619.appspot.com/assets/PostMessageClient-L3QPzbvB.js:0
[     155ms] undefined
[  -93128ms] [WARNING] undefined @ https://app-companion-430619.appspot.com/assets/PostMessageClient-L3QPzbvB.js:0
[     155ms] undefined
[  -93128ms] [WARNING] undefined @ https://app-companion-430619.appspot.com/assets/PostMessageClient-L3QPzbvB.js:0
[     155ms] undefined
[  -93128ms] [WARNING] undefined @ https://app-companion-430619.appspot.com/assets/PostMessageClient-L3QPzbvB.js:0
[     155ms] undefined
[  -93128ms] [WARNING] undefined @ https://app-companion-430619.appspot.com/assets/PostMessageClient-L3QPzbvB.js:0
[     155ms] undefined
[  -93128ms] [WARNING] undefined @ https://app-companion-430619.appspot.com/assets/PostMessageClient-L3QPzbvB.js:0
[     155ms] undefined
[  -93128ms] [WARNING] undefined @ https://app-companion-430619.appspot.com/assets/PostMessageClient-L3QPzbvB.js:0
[     157ms] undefined
[  -93128ms] [WARNING] undefined @ https://app-companion-430619.appspot.com/assets/PostMessageClient-L3QPzbvB.js:0
[     157ms] undefined
[  -93128ms] [WARNING] undefined @ https://app-companion-430619.appspot.com/assets/PostMessageClient-L3QPzbvB.js:0
[     157ms] undefined
[  -93128ms] [WARNING] undefined @ https://app-companion-430619.appspot.com/assets/PostMessageClient-L3QPzbvB.js:0
[     157ms] undefined
[  -93128ms] [WARNING] undefined @ https://app-companion-430619.appspot.com/assets/PostMessageClient-L3QPzbvB.js:0
[     158ms] undefined
[  -93128ms] [WARNING] undefined @ https://app-companion-430619.appspot.com/assets/PostMessageClient-L3QPzbvB.js:0
[     158ms] undefined
[  -93127ms] [WARNING] undefined @ https://app-companion-430619.appspot.com/assets/PostMessageClient-L3QPzbvB.js:0
[     158ms] undefined
[  -93127ms] [WARNING] undefined @ https://app-companion-430619.appspot.com/assets/PostMessageClient-L3QPzbvB.js:0
[     158ms] undefined
[  -93127ms] [WARNING] undefined @ https://app-companion-430619.appspot.com/assets/PostMessageClient-L3QPzbvB.js:0
[     158ms] undefined
[  -93127ms] [WARNING] undefined @ https://app-companion-430619.appspot.com/assets/PostMessageClient-L3QPzbvB.js:0
[     158ms] undefined
[  -93127ms] [WARNING] undefined @ https://app-companion-430619.appspot.com/assets/PostMessageClient-L3QPzbvB.js:0
[     158ms] undefined
[  -93127ms] [WARNING] undefined @ https://app-companion-430619.appspot.com/assets/PostMessageClient-L3QPzbvB.js:0
[     158ms] undefined
[  -93127ms] [WARNING] undefined @ https://app-companion-430619.appspot.com/assets/PostMessageClient-L3QPzbvB.js:0
[     158ms] undefined
[  -93127ms] [WARNING] undefined @ https://app-companion-430619.appspot.com/assets/PostMessageClient-L3QPzbvB.js:0
[     158ms] undefined
[  -93127ms] [WARNING] undefined @ https://app-companion-430619.appspot.com/assets/PostMessageClient-L3QPzbvB.js:0
[     158ms] undefined
[  -93127ms] [WARNING] undefined @ https://app-companion-430619.appspot.com/assets/PostMessageClient-L3QPzbvB.js:0
[     158ms] undefined
[  -93127ms] [WARNING] undefined @ https://app-companion-430619.appspot.com/assets/PostMessageClient-L3QPzbvB.js:0
[     158ms] undefined
[  -93127ms] [WARNING] undefined @ https://app-companion-430619.appspot.com/assets/PostMessageClient-L3QPzbvB.js:0
[     158ms] undefined
[  -93127ms] [WARNING] undefined @ https://app-companion-430619.appspot.com/assets/PostMessageClient-L3QPzbvB.js:0
[     158ms] undefined
[  -93127ms] [WARNING] undefined @ https://app-companion-430619.appspot.com/assets/PostMessageClient-L3QPzbvB.js:0
[     158ms] undefined
[  -93127ms] [WARNING] undefined @ https://app-companion-430619.appspot.com/assets/PostMessageClient-L3QPzbvB.js:0
[     158ms] undefined
[  -93127ms] [WARNING] undefined @ https://app-companion-430619.appspot.com/assets/PostMessageClient-L3QPzbvB.js:0
[     158ms] undefined
[  -93127ms] [WARNING] undefined @ https://app-companion-430619.appspot.com/assets/PostMessageClient-L3QPzbvB.js:0
[     158ms] undefined
[  -93127ms] [WARNING] undefined @ https://app-companion-430619.appspot.com/assets/PostMessageClient-L3QPzbvB.js:0
[     158ms] undefined
[  -93126ms] [WARNING] undefined @ https://app-companion-430619.appspot.com/assets/PostMessageClient-L3QPzbvB.js:0
[     158ms] undefined
[  -93126ms] [WARNING] undefined @ https://app-companion-430619.appspot.com/assets/PostMessageClient-L3QPzbvB.js:0
[     158ms] undefined
[  -93126ms] [WARNING] undefined @ https://app-companion-430619.appspot.com/assets/PostMessageClient-L3QPzbvB.js:0
[     158ms] undefined
[  -93126ms] [WARNING] undefined @ https://app-companion-430619.appspot.com/assets/PostMessageClient-L3QPzbvB.js:0
[     158ms] undefined
[  -93126ms] [WARNING] undefined @ https://app-companion-430619.appspot.com/assets/PostMessageClient-L3QPzbvB.js:0
[     158ms] undefined
[  -93126ms] [WARNING] undefined @ https://app-companion-430619.appspot.com/assets/PostMessageClient-L3QPzbvB.js:0
[     158ms] undefined
[  -93126ms] [WARNING] undefined @ https://app-companion-430619.appspot.com/assets/PostMessageClient-L3QPzbvB.js:0
[     158ms] undefined
[  -93126ms] [WARNING] undefined @ https://app-companion-430619.appspot.com/assets/PostMessageClient-L3QPzbvB.js:0
[     158ms] undefined
[  -93126ms] [WARNING] undefined @ https://app-companion-430619.appspot.com/assets/PostMessageClient-L3QPzbvB.js:0
[     158ms] undefined
[  -93126ms] [WARNING] undefined @ https://app-companion-430619.appspot.com/assets/PostMessageClient-L3QPzbvB.js:0
[     158ms] undefined
[  -93126ms] [WARNING] undefined @ https://app-companion-430619.appspot.com/assets/PostMessageClient-L3QPzbvB.js:0
[     158ms] undefined
[  -93126ms] [WARNING] undefined @ https://app-companion-430619.appspot.com/assets/PostMessageClient-L3QPzbvB.js:0
[     158ms] undefined
[  -93126ms] [WARNING] undefined @ https://app-companion-430619.appspot.com/assets/PostMessageClient-L3QPzbvB.js:0
[     158ms] undefined
[  -93126ms] [WARNING] undefined @ https://app-companion-430619.appspot.com/assets/PostMessageClient-L3QPzbvB.js:0
[    1109ms] undefined
[  -93126ms] [WARNING] undefined @ https://app-companion-430619.appspot.com/assets/PostMessageClient-L3QPzbvB.js:0
[    1110ms] undefined
[  -93126ms] [WARNING] undefined @ https://app-companion-430619.appspot.com/assets/PostMessageClient-L3QPzbvB.js:0
[    1110ms] undefined
[  -93126ms] [WARNING] undefined @ https://app-companion-430619.appspot.com/assets/PostMessageClient-L3QPzbvB.js:0
[    1110ms] undefined
[  -93126ms] [WARNING] undefined @ https://app-companion-430619.appspot.com/assets/PostMessageClient-L3QPzbvB.js:0
[    1110ms] undefined
[  -93126ms] [WARNING] undefined @ https://app-companion-430619.appspot.com/assets/PostMessageClient-L3QPzbvB.js:0
[    1110ms] undefined
[  -93126ms] [WARNING] undefined @ https://app-companion-430619.appspot.com/assets/PostMessageClient-L3QPzbvB.js:0
[    1110ms] undefined
[  -93126ms] [WARNING] undefined @ https://app-companion-430619.appspot.com/assets/PostMessageClient-L3QPzbvB.js:0
[    1110ms] undefined
[  -93126ms] [WARNING] undefined @ https://app-companion-430619.appspot.com/assets/PostMessageClient-L3QPzbvB.js:0
[    1110ms] undefined
[  -93125ms] [WARNING] undefined @ https://app-companion-430619.appspot.com/assets/PostMessageClient-L3QPzbvB.js:0
[    1110ms] undefined
[  -93125ms] [WARNING] undefined @ https://app-companion-430619.appspot.com/assets/PostMessageClient-L3QPzbvB.js:0
[    1110ms] undefined
[  -93125ms] [WARNING] undefined @ https://app-companion-430619.appspot.com/assets/PostMessageClient-L3QPzbvB.js:0
[    1110ms] undefined
[  -93125ms] [WARNING] undefined @ https://app-companion-430619.appspot.com/assets/PostMessageClient-L3QPzbvB.js:0
[    1110ms] undefined
[  -93125ms] [WARNING] undefined @ https://app-companion-430619.appspot.com/assets/PostMessageClient-L3QPzbvB.js:0
[    1110ms] undefined
[  -93125ms] [WARNING] undefined @ https://app-companion-430619.appspot.com/assets/PostMessageClient-L3QPzbvB.js:0
[    1110ms] undefined
[  -93125ms] [WARNING] undefined @ https://app-companion-430619.appspot.com/assets/PostMessageClient-L3QPzbvB.js:0
[    1110ms] undefined
[  -93125ms] [WARNING] undefined @ https://app-companion-430619.appspot.com/assets/PostMessageClient-L3QPzbvB.js:0
[    1110ms] undefined
[  -93125ms] [WARNING] undefined @ https://app-companion-430619.appspot.com/assets/PostMessageClient-L3QPzbvB.js:0
[    1111ms] undefined
[  -93125ms] [WARNING] undefined @ https://app-companion-430619.appspot.com/assets/PostMessageClient-L3QPzbvB.js:0
[    1111ms] undefined
[  -93125ms] [WARNING] undefined @ https://app-companion-430619.appspot.com/assets/PostMessageClient-L3QPzbvB.js:0
[    1111ms] undefined
[  -93125ms] [WARNING] undefined @ https://app-companion-430619.appspot.com/assets/PostMessageClient-L3QPzbvB.js:0
[    1111ms] undefined
[  -93125ms] [WARNING] undefined @ https://app-companion-430619.appspot.com/assets/PostMessageClient-L3QPzbvB.js:0
[    1111ms] undefined
