[   10934ms] [ERROR] connecting frames error Error: Parent frame not connected.
    at i.start (https://app-companion-430619.appspot.com/assets/dist-Dtld4wLV.js:1:5784)
    at async https://app-companion-430619.appspot.com/assets/PostMessageClient-L3QPzbvB.js:1:234 @ https://app-companion-430619.appspot.com/assets/util-2ztsRR6u.js:177
[   10935ms] [WARNING] undefined @ https://app-companion-430619.appspot.com/assets/PostMessageClient-L3QPzbvB.js:0
[   10936ms] [WARNING] undefined @ https://app-companion-430619.appspot.com/assets/PostMessageClient-L3QPzbvB.js:0
[   10940ms] undefined
[   10936ms] [WARNING] undefined @ https://app-companion-430619.appspot.com/assets/PostMessageClient-L3QPzbvB.js:0
[   10941ms] undefined
[   10936ms] [WARNING] undefined @ https://app-companion-430619.appspot.com/assets/PostMessageClient-L3QPzbvB.js:0
[   10941ms] undefined
[   10936ms] [WARNING] undefined @ https://app-companion-430619.appspot.com/assets/PostMessageClient-L3QPzbvB.js:0
[   10961ms] undefined
[   10936ms] [WARNING] undefined @ https://app-companion-430619.appspot.com/assets/PostMessageClient-L3QPzbvB.js:0
[   10962ms] undefined
[   10936ms] [WARNING] undefined @ https://app-companion-430619.appspot.com/assets/PostMessageClient-L3QPzbvB.js:0
[   10962ms] undefined
[   10936ms] [WARNING] undefined @ https://app-companion-430619.appspot.com/assets/PostMessageClient-L3QPzbvB.js:0
[   10962ms] undefined
[   10936ms] [WARNING] undefined @ https://app-companion-430619.appspot.com/assets/PostMessageClient-L3QPzbvB.js:0
[   10962ms] undefined
[   10936ms] [WARNING] undefined @ https://app-companion-430619.appspot.com/assets/PostMessageClient-L3QPzbvB.js:0
[   10962ms] undefined
[   10937ms] [WARNING] undefined @ https://app-companion-430619.appspot.com/assets/PostMessageClient-L3QPzbvB.js:0
[   10962ms] undefined
[   10937ms] [WARNING] undefined @ https://app-companion-430619.appspot.com/assets/PostMessageClient-L3QPzbvB.js:0
[   10963ms] undefined
[   10937ms] [WARNING] undefined @ https://app-companion-430619.appspot.com/assets/PostMessageClient-L3QPzbvB.js:0
[   10963ms] undefined
[   10937ms] [WARNING] undefined @ https://app-companion-430619.appspot.com/assets/PostMessageClient-L3QPzbvB.js:0
[   10963ms] undefined
[   10937ms] [WARNING] undefined @ https://app-companion-430619.appspot.com/assets/PostMessageClient-L3QPzbvB.js:0
[   10963ms] undefined
[   10937ms] [WARNING] undefined @ https://app-companion-430619.appspot.com/assets/PostMessageClient-L3QPzbvB.js:0
[   10963ms] undefined
[   10937ms] [WARNING] undefined @ https://app-companion-430619.appspot.com/assets/PostMessageClient-L3QPzbvB.js:0
[   10963ms] undefined
[   10937ms] [WARNING] undefined @ https://app-companion-430619.appspot.com/assets/PostMessageClient-L3QPzbvB.js:0
[   10963ms] undefined
[   10937ms] [WARNING] undefined @ https://app-companion-430619.appspot.com/assets/PostMessageClient-L3QPzbvB.js:0
[   10963ms] undefined
[   10937ms] [WARNING] undefined @ https://app-companion-430619.appspot.com/assets/PostMessageClient-L3QPzbvB.js:0
[   10964ms] undefined
[   10937ms] [WARNING] undefined @ https://app-companion-430619.appspot.com/assets/PostMessageClient-L3QPzbvB.js:0
[   10964ms] undefined
[   10937ms] [WARNING] undefined @ https://app-companion-430619.appspot.com/assets/PostMessageClient-L3QPzbvB.js:0
[   10964ms] undefined
[   10937ms] [WARNING] undefined @ https://app-companion-430619.appspot.com/assets/PostMessageClient-L3QPzbvB.js:0
[   10964ms] undefined
[   10937ms] [WARNING] undefined @ https://app-companion-430619.appspot.com/assets/PostMessageClient-L3QPzbvB.js:0
[   10964ms] undefined
[   10937ms] [WARNING] undefined @ https://app-companion-430619.appspot.com/assets/PostMessageClient-L3QPzbvB.js:0
[   10964ms] undefined
[   10937ms] [WARNING] undefined @ https://app-companion-430619.appspot.com/assets/PostMessageClient-L3QPzbvB.js:0
[   10965ms] undefined
[   10937ms] [WARNING] undefined @ https://app-companion-430619.appspot.com/assets/PostMessageClient-L3QPzbvB.js:0
[   10965ms] undefined
[   10937ms] [WARNING] undefined @ https://app-companion-430619.appspot.com/assets/PostMessageClient-L3QPzbvB.js:0
[   10965ms] undefined
[   10937ms] [WARNING] undefined @ https://app-companion-430619.appspot.com/assets/PostMessageClient-L3QPzbvB.js:0
[   10965ms] undefined
[   10937ms] [WARNING] undefined @ https://app-companion-430619.appspot.com/assets/PostMessageClient-L3QPzbvB.js:0
[   10965ms] undefined
[   10937ms] [WARNING] undefined @ https://app-companion-430619.appspot.com/assets/PostMessageClient-L3QPzbvB.js:0
[   10965ms] undefined
[   10938ms] [WARNING] undefined @ https://app-companion-430619.appspot.com/assets/PostMessageClient-L3QPzbvB.js:0
[   10965ms] undefined
[   10938ms] [WARNING] undefined @ https://app-companion-430619.appspot.com/assets/PostMessageClient-L3QPzbvB.js:0
[   10965ms] undefined
[   10938ms] [WARNING] undefined @ https://app-companion-430619.appspot.com/assets/PostMessageClient-L3QPzbvB.js:0
[   10965ms] undefined
[   10938ms] [WARNING] undefined @ https://app-companion-430619.appspot.com/assets/PostMessageClient-L3QPzbvB.js:0
[   10965ms] undefined
[   10938ms] [WARNING] undefined @ https://app-companion-430619.appspot.com/assets/PostMessageClient-L3QPzbvB.js:0
[   10966ms] undefined
[   10938ms] [WARNING] undefined @ https://app-companion-430619.appspot.com/assets/PostMessageClient-L3QPzbvB.js:0
[   10966ms] undefined
[   10938ms] [WARNING] undefined @ https://app-companion-430619.appspot.com/assets/PostMessageClient-L3QPzbvB.js:0
[   10966ms] undefined
[   10938ms] [WARNING] undefined @ https://app-companion-430619.appspot.com/assets/PostMessageClient-L3QPzbvB.js:0
[   10966ms] undefined
[   10938ms] [WARNING] undefined @ https://app-companion-430619.appspot.com/assets/PostMessageClient-L3QPzbvB.js:0
[   10966ms] undefined
[   10938ms] [WARNING] undefined @ https://app-companion-430619.appspot.com/assets/PostMessageClient-L3QPzbvB.js:0
[   10966ms] undefined
[   10938ms] [WARNING] undefined @ https://app-companion-430619.appspot.com/assets/PostMessageClient-L3QPzbvB.js:0
[   10966ms] undefined
[   10938ms] [WARNING] undefined @ https://app-companion-430619.appspot.com/assets/PostMessageClient-L3QPzbvB.js:0
[   10967ms] undefined
[   10938ms] [WARNING] undefined @ https://app-companion-430619.appspot.com/assets/PostMessageClient-L3QPzbvB.js:0
[   10967ms] undefined
[   10938ms] [WARNING] undefined @ https://app-companion-430619.appspot.com/assets/PostMessageClient-L3QPzbvB.js:0
[   10967ms] undefined
[   10938ms] [WARNING] undefined @ https://app-companion-430619.appspot.com/assets/PostMessageClient-L3QPzbvB.js:0
[   10967ms] undefined
[   10938ms] [WARNING] undefined @ https://app-companion-430619.appspot.com/assets/PostMessageClient-L3QPzbvB.js:0
[   10967ms] undefined
[   10938ms] [WARNING] undefined @ https://app-companion-430619.appspot.com/assets/PostMessageClient-L3QPzbvB.js:0
[   10967ms] undefined
[   10938ms] [WARNING] undefined @ https://app-companion-430619.appspot.com/assets/PostMessageClient-L3QPzbvB.js:0
[   10967ms] undefined
[   10938ms] [WARNING] undefined @ https://app-companion-430619.appspot.com/assets/PostMessageClient-L3QPzbvB.js:0
[   10967ms] undefined
[   10938ms] [WARNING] undefined @ https://app-companion-430619.appspot.com/assets/PostMessageClient-L3QPzbvB.js:0
[   10967ms] undefined
[   10938ms] [WARNING] undefined @ https://app-companion-430619.appspot.com/assets/PostMessageClient-L3QPzbvB.js:0
[   10967ms] undefined
[   10938ms] [WARNING] undefined @ https://app-companion-430619.appspot.com/assets/PostMessageClient-L3QPzbvB.js:0
[   10968ms] undefined
[   10938ms] [WARNING] undefined @ https://app-companion-430619.appspot.com/assets/PostMessageClient-L3QPzbvB.js:0
[   10968ms] undefined
[   10938ms] [WARNING] undefined @ https://app-companion-430619.appspot.com/assets/PostMessageClient-L3QPzbvB.js:0
[   10968ms] undefined
[   10938ms] [WARNING] undefined @ https://app-companion-430619.appspot.com/assets/PostMessageClient-L3QPzbvB.js:0
[   10968ms] undefined
[   10938ms] [WARNING] undefined @ https://app-companion-430619.appspot.com/assets/PostMessageClient-L3QPzbvB.js:0
[   10968ms] undefined
[   10938ms] [WARNING] undefined @ https://app-companion-430619.appspot.com/assets/PostMessageClient-L3QPzbvB.js:0
[   10968ms] undefined
[   10938ms] [WARNING] undefined @ https://app-companion-430619.appspot.com/assets/PostMessageClient-L3QPzbvB.js:0
[   10970ms] undefined
[   10939ms] [WARNING] undefined @ https://app-companion-430619.appspot.com/assets/PostMessageClient-L3QPzbvB.js:0
[   10970ms] undefined
[   10939ms] [WARNING] undefined @ https://app-companion-430619.appspot.com/assets/PostMessageClient-L3QPzbvB.js:0
[   10970ms] undefined
[   10939ms] [WARNING] undefined @ https://app-companion-430619.appspot.com/assets/PostMessageClient-L3QPzbvB.js:0
[   10970ms] undefined
[   10939ms] [WARNING] undefined @ https://app-companion-430619.appspot.com/assets/PostMessageClient-L3QPzbvB.js:0
[   10970ms] undefined
[   10939ms] [WARNING] undefined @ https://app-companion-430619.appspot.com/assets/PostMessageClient-L3QPzbvB.js:0
[   10970ms] undefined
[   10939ms] [WARNING] undefined @ https://app-companion-430619.appspot.com/assets/PostMessageClient-L3QPzbvB.js:0
[   10970ms] undefined
[   10939ms] [WARNING] undefined @ https://app-companion-430619.appspot.com/assets/PostMessageClient-L3QPzbvB.js:0
[   10970ms] undefined
[   10939ms] [WARNING] undefined @ https://app-companion-430619.appspot.com/assets/PostMessageClient-L3QPzbvB.js:0
[   10970ms] undefined
[   10939ms] [WARNING] undefined @ https://app-companion-430619.appspot.com/assets/PostMessageClient-L3QPzbvB.js:0
[   10970ms] undefined
[   10939ms] [WARNING] undefined @ https://app-companion-430619.appspot.com/assets/PostMessageClient-L3QPzbvB.js:0
[   10975ms] undefined
[   10939ms] [WARNING] undefined @ https://app-companion-430619.appspot.com/assets/PostMessageClient-L3QPzbvB.js:0
[   10975ms] undefined
[   10939ms] [WARNING] undefined @ https://app-companion-430619.appspot.com/assets/PostMessageClient-L3QPzbvB.js:0
[   10975ms] undefined
[   10939ms] [WARNING] undefined @ https://app-companion-430619.appspot.com/assets/PostMessageClient-L3QPzbvB.js:0
[   10975ms] undefined
[   10939ms] [WARNING] undefined @ https://app-companion-430619.appspot.com/assets/PostMessageClient-L3QPzbvB.js:0
[   10975ms] undefined
[   10939ms] [WARNING] undefined @ https://app-companion-430619.appspot.com/assets/PostMessageClient-L3QPzbvB.js:0
[   10975ms] undefined
[   10939ms] [WARNING] undefined @ https://app-companion-430619.appspot.com/assets/PostMessageClient-L3QPzbvB.js:0
[   10975ms] undefined
[   10939ms] [WARNING] undefined @ https://app-companion-430619.appspot.com/assets/PostMessageClient-L3QPzbvB.js:0
[   10975ms] undefined
[   10939ms] [WARNING] undefined @ https://app-companion-430619.appspot.com/assets/PostMessageClient-L3QPzbvB.js:0
[   10975ms] undefined
[   10939ms] [WARNING] undefined @ https://app-companion-430619.appspot.com/assets/PostMessageClient-L3QPzbvB.js:0
[   10975ms] undefined
[   10939ms] [WARNING] undefined @ https://app-companion-430619.appspot.com/assets/PostMessageClient-L3QPzbvB.js:0
[   10975ms] undefined
[   10939ms] [WARNING] undefined @ https://app-companion-430619.appspot.com/assets/PostMessageClient-L3QPzbvB.js:0
[   10975ms] undefined
[   10939ms] [WARNING] undefined @ https://app-companion-430619.appspot.com/assets/PostMessageClient-L3QPzbvB.js:0
[   10975ms] undefined
[   10939ms] [WARNING] undefined @ https://app-companion-430619.appspot.com/assets/PostMessageClient-L3QPzbvB.js:0
[   10975ms] undefined
[   10939ms] [WARNING] undefined @ https://app-companion-430619.appspot.com/assets/PostMessageClient-L3QPzbvB.js:0
[   10976ms] undefined
[   10939ms] [WARNING] undefined @ https://app-companion-430619.appspot.com/assets/PostMessageClient-L3QPzbvB.js:0
[   10976ms] undefined
[   10939ms] [WARNING] undefined @ https://app-companion-430619.appspot.com/assets/PostMessageClient-L3QPzbvB.js:0
[   10976ms] undefined
[   10939ms] [WARNING] undefined @ https://app-companion-430619.appspot.com/assets/PostMessageClient-L3QPzbvB.js:0
[   10976ms] undefined
[   10939ms] [WARNING] undefined @ https://app-companion-430619.appspot.com/assets/PostMessageClient-L3QPzbvB.js:0
[   10976ms] undefined
[   10939ms] [WARNING] undefined @ https://app-companion-430619.appspot.com/assets/PostMessageClient-L3QPzbvB.js:0
[   10976ms] undefined
[   10939ms] [WARNING] undefined @ https://app-companion-430619.appspot.com/assets/PostMessageClient-L3QPzbvB.js:0
[   10976ms] undefined
[   10939ms] [WARNING] undefined @ https://app-companion-430619.appspot.com/assets/PostMessageClient-L3QPzbvB.js:0
[   10976ms] undefined
[   10939ms] [WARNING] undefined @ https://app-companion-430619.appspot.com/assets/PostMessageClient-L3QPzbvB.js:0
[   10976ms] undefined
[   10940ms] [WARNING] undefined @ https://app-companion-430619.appspot.com/assets/PostMessageClient-L3QPzbvB.js:0
[   10976ms] undefined
[   10940ms] [WARNING] undefined @ https://app-companion-430619.appspot.com/assets/PostMessageClient-L3QPzbvB.js:0
[   10976ms] undefined
[   10940ms] [WARNING] undefined @ https://app-companion-430619.appspot.com/assets/PostMessageClient-L3QPzbvB.js:0
[   10976ms] undefined
[   10940ms] [WARNING] undefined @ https://app-companion-430619.appspot.com/assets/PostMessageClient-L3QPzbvB.js:0
[   10976ms] undefined
[   10940ms] [WARNING] undefined @ https://app-companion-430619.appspot.com/assets/PostMessageClient-L3QPzbvB.js:0
[   10976ms] undefined
[   10940ms] [WARNING] undefined @ https://app-companion-430619.appspot.com/assets/PostMessageClient-L3QPzbvB.js:0
[   10976ms] undefined
[   10940ms] [WARNING] undefined @ https://app-companion-430619.appspot.com/assets/PostMessageClient-L3QPzbvB.js:0
[   10976ms] undefined
[   10940ms] [WARNING] undefined @ https://app-companion-430619.appspot.com/assets/PostMessageClient-L3QPzbvB.js:0
[   10976ms] undefined
[   10940ms] [WARNING] undefined @ https://app-companion-430619.appspot.com/assets/PostMessageClient-L3QPzbvB.js:0
[   10976ms] undefined
[   10940ms] [WARNING] undefined @ https://app-companion-430619.appspot.com/assets/PostMessageClient-L3QPzbvB.js:0
[   10976ms] undefined
[   10940ms] [WARNING] undefined @ https://app-companion-430619.appspot.com/assets/PostMessageClient-L3QPzbvB.js:0
[   10976ms] undefined
[   10940ms] [WARNING] undefined @ https://app-companion-430619.appspot.com/assets/PostMessageClient-L3QPzbvB.js:0
[   10976ms] undefined
[   10940ms] [WARNING] undefined @ https://app-companion-430619.appspot.com/assets/PostMessageClient-L3QPzbvB.js:0
[   10977ms] undefined
[   10940ms] [WARNING] undefined @ https://app-companion-430619.appspot.com/assets/PostMessageClient-L3QPzbvB.js:0
[   10977ms] undefined
[   10940ms] [WARNING] undefined @ https://app-companion-430619.appspot.com/assets/PostMessageClient-L3QPzbvB.js:0
[   10977ms] undefined
[   10940ms] [WARNING] undefined @ https://app-companion-430619.appspot.com/assets/PostMessageClient-L3QPzbvB.js:0
[   10977ms] undefined
[   10940ms] [WARNING] undefined @ https://app-companion-430619.appspot.com/assets/PostMessageClient-L3QPzbvB.js:0
[   10977ms] undefined
[   10940ms] [WARNING] undefined @ https://app-companion-430619.appspot.com/assets/PostMessageClient-L3QPzbvB.js:0
[   10977ms] undefined
[   10940ms] [WARNING] undefined @ https://app-companion-430619.appspot.com/assets/PostMessageClient-L3QPzbvB.js:0
[   10977ms] undefined
[   10940ms] [WARNING] undefined @ https://app-companion-430619.appspot.com/assets/PostMessageClient-L3QPzbvB.js:0
[   10977ms] undefined
[   10940ms] [WARNING] undefined @ https://app-companion-430619.appspot.com/assets/PostMessageClient-L3QPzbvB.js:0
[   10977ms] undefined
[   10940ms] [WARNING] undefined @ https://app-companion-430619.appspot.com/assets/PostMessageClient-L3QPzbvB.js:0
[   10977ms] undefined
[   10940ms] [WARNING] undefined @ https://app-companion-430619.appspot.com/assets/PostMessageClient-L3QPzbvB.js:0
[   10977ms] undefined
[   10940ms] [WARNING] undefined @ https://app-companion-430619.appspot.com/assets/PostMessageClient-L3QPzbvB.js:0
[   10977ms] undefined
[   10940ms] [WARNING] undefined @ https://app-companion-430619.appspot.com/assets/PostMessageClient-L3QPzbvB.js:0
[   10978ms] undefined
[   10940ms] [WARNING] undefined @ https://app-companion-430619.appspot.com/assets/PostMessageClient-L3QPzbvB.js:0
[   10978ms] undefined
[   10940ms] [WARNING] undefined @ https://app-companion-430619.appspot.com/assets/PostMessageClient-L3QPzbvB.js:0
[   10978ms] undefined
[   10940ms] [WARNING] undefined @ https://app-companion-430619.appspot.com/assets/PostMessageClient-L3QPzbvB.js:0
[   10978ms] undefined
[   10940ms] [WARNING] undefined @ https://app-companion-430619.appspot.com/assets/PostMessageClient-L3QPzbvB.js:0
[   10978ms] undefined
[   10940ms] [WARNING] undefined @ https://app-companion-430619.appspot.com/assets/PostMessageClient-L3QPzbvB.js:0
[   10978ms] undefined
[   10940ms] [WARNING] undefined @ https://app-companion-430619.appspot.com/assets/PostMessageClient-L3QPzbvB.js:0
[   10980ms] undefined
[   10940ms] [WARNING] undefined @ https://app-companion-430619.appspot.com/assets/PostMessageClient-L3QPzbvB.js:0
[   10980ms] undefined
[   10940ms] [WARNING] undefined @ https://app-companion-430619.appspot.com/assets/PostMessageClient-L3QPzbvB.js:0
[   10980ms] undefined
[   10940ms] [WARNING] undefined @ https://app-companion-430619.appspot.com/assets/PostMessageClient-L3QPzbvB.js:0
[   10980ms] undefined
[   10941ms] [WARNING] undefined @ https://app-companion-430619.appspot.com/assets/PostMessageClient-L3QPzbvB.js:0
[   10980ms] undefined
[   10941ms] [WARNING] undefined @ https://app-companion-430619.appspot.com/assets/PostMessageClient-L3QPzbvB.js:0
[   10980ms] undefined
[   10941ms] [WARNING] undefined @ https://app-companion-430619.appspot.com/assets/PostMessageClient-L3QPzbvB.js:0
[   10980ms] undefined
[   10941ms] [WARNING] undefined @ https://app-companion-430619.appspot.com/assets/PostMessageClient-L3QPzbvB.js:0
[   10980ms] undefined
[   10941ms] [WARNING] undefined @ https://app-companion-430619.appspot.com/assets/PostMessageClient-L3QPzbvB.js:0
[   10980ms] undefined
[   10941ms] [WARNING] undefined @ https://app-companion-430619.appspot.com/assets/PostMessageClient-L3QPzbvB.js:0
[   10980ms] undefined
[   10941ms] [WARNING] undefined @ https://app-companion-430619.appspot.com/assets/PostMessageClient-L3QPzbvB.js:0
[   10980ms] undefined
[   10941ms] [WARNING] undefined @ https://app-companion-430619.appspot.com/assets/PostMessageClient-L3QPzbvB.js:0
[   10980ms] undefined
[   10941ms] [WARNING] undefined @ https://app-companion-430619.appspot.com/assets/PostMessageClient-L3QPzbvB.js:0
[   10980ms] undefined
[   10941ms] [WARNING] undefined @ https://app-companion-430619.appspot.com/assets/PostMessageClient-L3QPzbvB.js:0
[   10988ms] undefined
[   10941ms] [WARNING] undefined @ https://app-companion-430619.appspot.com/assets/PostMessageClient-L3QPzbvB.js:0
[   10988ms] undefined
[   10941ms] [WARNING] undefined @ https://app-companion-430619.appspot.com/assets/PostMessageClient-L3QPzbvB.js:0
[   10988ms] undefined
[   10941ms] [WARNING] undefined @ https://app-companion-430619.appspot.com/assets/PostMessageClient-L3QPzbvB.js:0
[   10988ms] undefined
[   10941ms] [WARNING] undefined @ https://app-companion-430619.appspot.com/assets/PostMessageClient-L3QPzbvB.js:0
[   10988ms] undefined
[   10941ms] [WARNING] undefined @ https://app-companion-430619.appspot.com/assets/PostMessageClient-L3QPzbvB.js:0
[   10988ms] undefined
[   10941ms] [WARNING] undefined @ https://app-companion-430619.appspot.com/assets/PostMessageClient-L3QPzbvB.js:0
[   10988ms] undefined
[   10941ms] [WARNING] undefined @ https://app-companion-430619.appspot.com/assets/PostMessageClient-L3QPzbvB.js:0
[   10988ms] undefined
[   10941ms] [WARNING] undefined @ https://app-companion-430619.appspot.com/assets/PostMessageClient-L3QPzbvB.js:0
[   10989ms] undefined
[   10941ms] [WARNING] undefined @ https://app-companion-430619.appspot.com/assets/PostMessageClient-L3QPzbvB.js:0
[   10989ms] undefined
[   10941ms] [WARNING] undefined @ https://app-companion-430619.appspot.com/assets/PostMessageClient-L3QPzbvB.js:0
[   10989ms] undefined
[   10941ms] [WARNING] undefined @ https://app-companion-430619.appspot.com/assets/PostMessageClient-L3QPzbvB.js:0
[   10989ms] undefined
[   10941ms] [WARNING] undefined @ https://app-companion-430619.appspot.com/assets/PostMessageClient-L3QPzbvB.js:0
[   10989ms] undefined
[   10941ms] [WARNING] undefined @ https://app-companion-430619.appspot.com/assets/PostMessageClient-L3QPzbvB.js:0
[   10989ms] undefined
[   10941ms] [WARNING] undefined @ https://app-companion-430619.appspot.com/assets/PostMessageClient-L3QPzbvB.js:0
[   10989ms] undefined
[   10941ms] [WARNING] undefined @ https://app-companion-430619.appspot.com/assets/PostMessageClient-L3QPzbvB.js:0
[   10989ms] undefined
[   10941ms] [WARNING] undefined @ https://app-companion-430619.appspot.com/assets/PostMessageClient-L3QPzbvB.js:0
[   10989ms] undefined
[   10941ms] [WARNING] undefined @ https://app-companion-430619.appspot.com/assets/PostMessageClient-L3QPzbvB.js:0
